<?xml version="1.0" encoding="UTF-8"?>
<!-- Generated by org.testng.reporters.JUnitReportReporter -->
<testsuite skipped="0" hostname="Kiranmai-PC" name="com.dollardays.testcases.LoginTestcase" tests="1" failures="0" timestamp="2020-09-04T00:01:53 MST" time="46.215" errors="0">
  <testcase name="invokeLogin" time="46.215" classname="com.dollardays.testcases.LoginTestcase"/>
  <system-out/>
</testsuite> <!-- com.dollardays.testcases.LoginTestcase -->
