<?xml version="1.0" encoding="UTF-8"?>
<!-- Generated by org.testng.reporters.JUnitReportReporter -->
<testsuite skipped="0" hostname="LAPTOP-V27AG5SL" name="com.dollardays.testcases.Team7DDSearchBarTestCase" tests="7" failures="0" timestamp="2020-09-18T11:41:51 PDT" time="173.810" errors="0">
  <testcase name="SearchWithProductname" time="25.848" classname="com.dollardays.testcases.Team7DDSearchBarTestCase"/>
  <system-out/>
  <testcase name="SearchWithProductname" time="24.714" classname="com.dollardays.testcases.Team7DDSearchBarTestCase"/>
  <system-out/>
  <testcase name="SearchWithProductname" time="24.970" classname="com.dollardays.testcases.Team7DDSearchBarTestCase"/>
  <system-out/>
  <testcase name="SearchWithProductname" time="24.620" classname="com.dollardays.testcases.Team7DDSearchBarTestCase"/>
  <system-out/>
  <testcase name="SearchWithProductname" time="25.343" classname="com.dollardays.testcases.Team7DDSearchBarTestCase"/>
  <system-out/>
  <testcase name="SearchWithInvalidDta" time="23.595" classname="com.dollardays.testcases.Team7DDSearchBarTestCase"/>
  <system-out/>
  <testcase name="SearchWithProductname" time="24.720" classname="com.dollardays.testcases.Team7DDSearchBarTestCase"/>
  <system-out/>
</testsuite> <!-- com.dollardays.testcases.Team7DDSearchBarTestCase -->
