<?xml version="1.0" encoding="UTF-8"?>
<!-- Generated by org.testng.reporters.JUnitReportReporter -->
<testsuite skipped="0" hostname="LAPTOP-V27AG5SL" name="com.dollardays.testcases.Team7DDSearchBarNoLoginTestCase" tests="7" failures="0" timestamp="2020-09-18T11:41:51 PDT" time="125.365" errors="0">
  <testcase name="SearchWithInvalidDta" time="17.140" classname="com.dollardays.testcases.Team7DDSearchBarNoLoginTestCase"/>
  <system-out/>
  <testcase name="SearchWithProductname" time="17.890" classname="com.dollardays.testcases.Team7DDSearchBarNoLoginTestCase"/>
  <system-out/>
  <testcase name="SearchWithProductname" time="18.145" classname="com.dollardays.testcases.Team7DDSearchBarNoLoginTestCase"/>
  <system-out/>
  <testcase name="SearchWithProductname" time="18.166" classname="com.dollardays.testcases.Team7DDSearchBarNoLoginTestCase"/>
  <system-out/>
  <testcase name="SearchWithProductname" time="17.839" classname="com.dollardays.testcases.Team7DDSearchBarNoLoginTestCase"/>
  <system-out/>
  <testcase name="SearchWithProductname" time="18.134" classname="com.dollardays.testcases.Team7DDSearchBarNoLoginTestCase"/>
  <system-out/>
  <testcase name="SearchWithProductname" time="18.051" classname="com.dollardays.testcases.Team7DDSearchBarNoLoginTestCase"/>
  <system-out/>
</testsuite> <!-- com.dollardays.testcases.Team7DDSearchBarNoLoginTestCase -->
